<?xml version="1.0" encoding="UTF-8"?>
<testng-results ignored="0" total="2" passed="2" failed="0" skipped="0">
  <reporter-output>
  </reporter-output>
  <suite started-at="2021-07-21T18:56:55 IST" name="Default suite" finished-at="2021-07-21T18:57:45 IST" duration-ms="49297">
    <groups>
    </groups>
    <test started-at="2021-07-21T18:56:55 IST" name="Default test" finished-at="2021-07-21T18:57:45 IST" duration-ms="49297">
      <class name="com.crm.qa.testcases.Logintest">
        <test-method is-config="true" signature="setUp()[pri:0, instance:com.crm.qa.testcases.Logintest@7193666c]" started-at="2021-07-21T18:56:56 IST" name="setUp" finished-at="2021-07-21T18:57:22 IST" duration-ms="26421" status="PASS">
          <reporter-output>
          </reporter-output>
        </test-method> <!-- setUp -->
        <test-method signature="googleTitle()[pri:1, instance:com.crm.qa.testcases.Logintest@7193666c]" started-at="2021-07-21T18:57:22 IST" name="googleTitle" finished-at="2021-07-21T18:57:22 IST" duration-ms="28" status="PASS">
          <reporter-output>
          </reporter-output>
        </test-method> <!-- googleTitle -->
        <test-method is-config="true" signature="tearDown()[pri:0, instance:com.crm.qa.testcases.Logintest@7193666c]" started-at="2021-07-21T18:57:22 IST" name="tearDown" finished-at="2021-07-21T18:57:23 IST" duration-ms="1141" status="PASS">
          <reporter-output>
          </reporter-output>
        </test-method> <!-- tearDown -->
        <test-method is-config="true" signature="setUp()[pri:0, instance:com.crm.qa.testcases.Logintest@7193666c]" started-at="2021-07-21T18:57:23 IST" name="setUp" finished-at="2021-07-21T18:57:44 IST" duration-ms="20763" status="PASS">
          <reporter-output>
          </reporter-output>
        </test-method> <!-- setUp -->
        <test-method signature="googleImage()[pri:2, instance:com.crm.qa.testcases.Logintest@7193666c]" started-at="2021-07-21T18:57:44 IST" name="googleImage" finished-at="2021-07-21T18:57:44 IST" duration-ms="176" status="PASS">
          <reporter-output>
          </reporter-output>
        </test-method> <!-- googleImage -->
        <test-method is-config="true" signature="tearDown()[pri:0, instance:com.crm.qa.testcases.Logintest@7193666c]" started-at="2021-07-21T18:57:44 IST" name="tearDown" finished-at="2021-07-21T18:57:45 IST" duration-ms="532" status="PASS">
          <reporter-output>
          </reporter-output>
        </test-method> <!-- tearDown -->
      </class> <!-- com.crm.qa.testcases.Logintest -->
    </test> <!-- Default test -->
  </suite> <!-- Default suite -->
</testng-results>
